mode: atomic
github.com/hugoh/jj-trim/cli.go:72.41,73.46 1 7
github.com/hugoh/jj-trim/cli.go:73.46,75.3 1 1
github.com/hugoh/jj-trim/cli.go:77.2,77.12 1 6
github.com/hugoh/jj-trim/main.go:11.13,13.2 1 0
github.com/hugoh/jj-trim/run.go:95.88,108.23 3 0
github.com/hugoh/jj-trim/run.go:108.23,108.43 1 0
github.com/hugoh/jj-trim/run.go:110.2,110.16 1 0
github.com/hugoh/jj-trim/run.go:110.16,114.3 2 0
github.com/hugoh/jj-trim/run.go:121.2,125.15 3 0
github.com/hugoh/jj-trim/run.go:125.15,127.3 1 0
github.com/hugoh/jj-trim/run.go:129.2,129.16 1 0
github.com/hugoh/jj-trim/run.go:129.16,133.3 2 0
github.com/hugoh/jj-trim/run.go:135.2,141.12 3 0
github.com/hugoh/jj-trim/run.go:141.12,144.3 2 0
github.com/hugoh/jj-trim/run.go:146.2,146.72 1 0
github.com/hugoh/jj-trim/run.go:146.72,150.3 2 0
github.com/hugoh/jj-trim/run.go:152.2,152.15 1 0
github.com/hugoh/jj-trim/run.go:155.97,158.15 2 0
github.com/hugoh/jj-trim/run.go:158.15,159.50 1 0
github.com/hugoh/jj-trim/run.go:159.50,161.4 1 0
github.com/hugoh/jj-trim/run.go:164.2,164.23 1 0
github.com/hugoh/jj-trim/run.go:164.23,166.3 1 0
github.com/hugoh/jj-trim/run.go:168.2,169.9 2 0
github.com/hugoh/jj-trim/run.go:169.9,171.3 1 0
github.com/hugoh/jj-trim/run.go:173.2,173.15 1 0
github.com/hugoh/jj-trim/run.go:174.25,175.73 1 0
github.com/hugoh/jj-trim/run.go:176.23,177.69 1 0
github.com/hugoh/jj-trim/run.go:178.10,179.58 1 0
github.com/hugoh/jj-trim/run.go:194.9,196.17 2 0
github.com/hugoh/jj-trim/run.go:196.17,198.3 1 0
github.com/hugoh/jj-trim/run.go:200.2,201.27 2 0
github.com/hugoh/jj-trim/run.go:201.27,203.3 1 0
github.com/hugoh/jj-trim/run.go:205.2,207.70 2 0
github.com/hugoh/jj-trim/run.go:207.70,211.17 3 0
github.com/hugoh/jj-trim/run.go:211.17,213.4 1 0
github.com/hugoh/jj-trim/run.go:215.3,217.13 2 0
github.com/hugoh/jj-trim/run.go:219.2,219.16 1 0
github.com/hugoh/jj-trim/run.go:219.16,221.3 1 0
github.com/hugoh/jj-trim/run.go:223.2,228.83 5 0
github.com/hugoh/jj-trim/run.go:228.83,230.3 1 0
github.com/hugoh/jj-trim/run.go:232.2,234.16 2 0
github.com/hugoh/jj-trim/run.go:235.20,236.44 1 0
github.com/hugoh/jj-trim/run.go:237.21,238.86 1 0
github.com/hugoh/jj-trim/run.go:239.22,240.14 1 0
github.com/hugoh/jj-trim/run.go:241.10,244.13 2 0
github.com/hugoh/jj-trim/run.go:259.9,267.2 3 0
github.com/hugoh/jj-trim/run.go:276.17,283.2 5 1
github.com/hugoh/jj-trim/run.go:289.17,292.31 2 3
github.com/hugoh/jj-trim/run.go:292.31,300.3 2 0
github.com/hugoh/jj-trim/run.go:302.2,302.14 1 3
github.com/hugoh/jj-trim/run.go:311.55,316.40 3 0
github.com/hugoh/jj-trim/run.go:316.40,318.3 1 0
github.com/hugoh/jj-trim/run.go:320.2,320.19 1 0
github.com/hugoh/jj-trim/run.go:328.61,329.86 1 1
github.com/hugoh/jj-trim/run.go:329.86,331.17 2 0
github.com/hugoh/jj-trim/run.go:331.17,333.4 1 0
github.com/hugoh/jj-trim/run.go:335.3,339.17 3 0
github.com/hugoh/jj-trim/run.go:339.17,341.4 1 0
github.com/hugoh/jj-trim/run.go:343.3,343.37 1 0
github.com/hugoh/jj-trim/run.go:343.37,345.4 1 0
github.com/hugoh/jj-trim/run.go:345.9,347.4 1 0
github.com/hugoh/jj-trim/run.go:349.3,349.19 1 0
github.com/hugoh/jj-trim/run.go:364.55,366.16 2 1
github.com/hugoh/jj-trim/run.go:366.16,368.3 1 0
github.com/hugoh/jj-trim/run.go:370.2,371.16 2 1
github.com/hugoh/jj-trim/run.go:371.16,373.3 1 0
github.com/hugoh/jj-trim/run.go:375.2,378.16 3 1
github.com/hugoh/jj-trim/run.go:378.16,380.3 1 0
github.com/hugoh/jj-trim/run.go:382.2,386.31 3 1
github.com/hugoh/jj-trim/run.go:386.31,387.10 1 0
github.com/hugoh/jj-trim/run.go:388.39,389.46 1 0
github.com/hugoh/jj-trim/run.go:390.33,391.28 1 0
github.com/hugoh/jj-trim/run.go:395.2,395.35 1 1
github.com/hugoh/jj-trim/run.go:401.89,406.36 3 2
github.com/hugoh/jj-trim/run.go:406.36,407.25 1 1
github.com/hugoh/jj-trim/run.go:407.25,408.42 1 1
github.com/hugoh/jj-trim/run.go:408.42,410.5 1 1
github.com/hugoh/jj-trim/run.go:414.2,414.19 1 2
github.com/hugoh/jj-trim/run.go:418.62,421.31 2 3
github.com/hugoh/jj-trim/run.go:421.31,423.3 1 3
github.com/hugoh/jj-trim/run.go:425.2,425.14 1 3
github.com/hugoh/jj-trim/run.go:432.76,433.21 1 3
github.com/hugoh/jj-trim/run.go:433.21,435.3 1 1
github.com/hugoh/jj-trim/run.go:435.8,442.3 1 2
github.com/hugoh/jj-trim/run.go:444.2,444.24 1 3
github.com/hugoh/jj-trim/run.go:444.24,448.3 1 1
github.com/hugoh/jj-trim/run.go:460.9,463.68 2 0
github.com/hugoh/jj-trim/run.go:463.68,469.3 3 0
github.com/hugoh/jj-trim/run.go:470.2,470.16 1 0
github.com/hugoh/jj-trim/run.go:470.16,472.3 1 0
github.com/hugoh/jj-trim/run.go:474.2,477.83 3 0
github.com/hugoh/jj-trim/run.go:477.83,479.3 1 0
github.com/hugoh/jj-trim/run.go:481.2,483.29 2 0
github.com/hugoh/jj-trim/run.go:483.29,496.3 3 0
github.com/hugoh/jj-trim/run.go:498.2,500.12 2 0
github.com/hugoh/jj-trim/run.go:525.88,526.28 1 9
github.com/hugoh/jj-trim/run.go:526.28,527.25 1 9
github.com/hugoh/jj-trim/run.go:527.25,529.4 1 5
github.com/hugoh/jj-trim/run.go:532.2,532.12 1 4
github.com/hugoh/jj-trim/run.go:545.98,548.28 2 1
github.com/hugoh/jj-trim/run.go:548.28,550.3 1 3
github.com/hugoh/jj-trim/run.go:552.2,552.14 1 1
github.com/hugoh/jj-trim/run.go:567.17,574.27 5 3
github.com/hugoh/jj-trim/run.go:574.27,584.3 4 0
github.com/hugoh/jj-trim/run.go:586.2,586.14 1 3
github.com/hugoh/jj-trim/run.go:593.62,595.28 2 4
github.com/hugoh/jj-trim/run.go:595.28,597.3 1 6
github.com/hugoh/jj-trim/run.go:599.2,600.28 2 4
github.com/hugoh/jj-trim/run.go:600.28,602.3 1 6
github.com/hugoh/jj-trim/run.go:604.2,604.12 1 4
github.com/hugoh/jj-trim/run.go:615.85,618.26 2 2
github.com/hugoh/jj-trim/run.go:618.26,619.27 1 3
github.com/hugoh/jj-trim/run.go:619.27,621.4 1 1
github.com/hugoh/jj-trim/run.go:624.2,624.61 1 2
github.com/hugoh/jj-trim/run.go:632.85,633.86 1 1
github.com/hugoh/jj-trim/run.go:633.86,635.17 2 0
github.com/hugoh/jj-trim/run.go:635.17,637.4 1 0
github.com/hugoh/jj-trim/run.go:639.3,641.17 2 0
github.com/hugoh/jj-trim/run.go:641.17,643.4 1 0
github.com/hugoh/jj-trim/run.go:645.3,645.43 1 0
github.com/hugoh/jj-trim/run.go:645.43,647.4 1 0
github.com/hugoh/jj-trim/run.go:649.3,653.17 3 0
github.com/hugoh/jj-trim/run.go:653.17,655.4 1 0
github.com/hugoh/jj-trim/run.go:657.3,659.19 2 0
github.com/hugoh/jj-trim/run.go:665.47,666.16 1 2
github.com/hugoh/jj-trim/run.go:666.16,670.3 2 1
github.com/hugoh/jj-trim/run.go:672.2,676.3 1 1
github.com/hugoh/jj-trim/run.go:683.68,685.28 2 0
github.com/hugoh/jj-trim/run.go:685.28,687.3 1 0
github.com/hugoh/jj-trim/run.go:689.2,691.28 2 0
github.com/hugoh/jj-trim/run.go:691.28,693.3 1 0
github.com/hugoh/jj-trim/run.go:695.2,695.15 1 0
github.com/hugoh/jj-trim/run.go:701.26,703.31 2 0
github.com/hugoh/jj-trim/run.go:703.31,705.3 1 0
github.com/hugoh/jj-trim/run.go:707.2,707.16 1 0
github.com/hugoh/jj-trim/run.go:716.78,718.23 2 3
github.com/hugoh/jj-trim/run.go:718.23,720.3 1 1
github.com/hugoh/jj-trim/run.go:722.2,726.79 3 3
github.com/hugoh/jj-trim/run.go:726.79,728.3 1 1
github.com/hugoh/jj-trim/run.go:730.2,730.19 1 3
github.com/hugoh/jj-trim/run.go:736.50,738.2 1 1
github.com/hugoh/jj-trim/run.go:749.26,753.31 3 1
github.com/hugoh/jj-trim/run.go:753.31,755.3 1 2
github.com/hugoh/jj-trim/run.go:757.2,757.16 1 1
github.com/hugoh/jj-trim/run.go:762.33,764.16 2 1
github.com/hugoh/jj-trim/run.go:764.16,766.3 1 0
github.com/hugoh/jj-trim/run.go:768.2,769.16 2 1
github.com/hugoh/jj-trim/run.go:769.16,771.3 1 0
github.com/hugoh/jj-trim/run.go:773.2,773.57 1 1
github.com/hugoh/jj-trim/run.go:789.25,794.20 3 2
github.com/hugoh/jj-trim/run.go:794.20,796.17 2 2
github.com/hugoh/jj-trim/run.go:796.17,798.4 1 0
github.com/hugoh/jj-trim/run.go:800.3,801.17 2 2
github.com/hugoh/jj-trim/run.go:801.17,803.4 1 0
github.com/hugoh/jj-trim/run.go:805.3,805.13 1 2
github.com/hugoh/jj-trim/run.go:808.2,808.20 1 2
github.com/hugoh/jj-trim/run.go:808.20,810.17 2 2
github.com/hugoh/jj-trim/run.go:810.17,812.4 1 0
github.com/hugoh/jj-trim/run.go:814.3,815.17 2 2
github.com/hugoh/jj-trim/run.go:815.17,817.4 1 0
github.com/hugoh/jj-trim/run.go:819.3,819.13 1 2
github.com/hugoh/jj-trim/run.go:822.2,822.33 1 2
github.com/hugoh/jj-trim/run.go:822.33,824.3 1 0
github.com/hugoh/jj-trim/run.go:826.2,830.25 3 2
github.com/hugoh/jj-trim/run.go:830.25,831.46 1 2
github.com/hugoh/jj-trim/run.go:831.46,832.12 1 0
github.com/hugoh/jj-trim/run.go:835.3,835.25 1 2
github.com/hugoh/jj-trim/run.go:835.25,837.4 1 1
github.com/hugoh/jj-trim/run.go:837.9,839.4 1 1
github.com/hugoh/jj-trim/run.go:842.2,846.8 1 2
github.com/hugoh/jj-trim/run.go:851.92,852.21 1 5
github.com/hugoh/jj-trim/run.go:852.21,854.3 1 3
github.com/hugoh/jj-trim/run.go:856.2,860.31 3 2
github.com/hugoh/jj-trim/run.go:860.31,861.56 1 3
github.com/hugoh/jj-trim/run.go:861.56,863.4 1 1
github.com/hugoh/jj-trim/run.go:866.2,866.13 1 2
github.com/hugoh/jj-trim/run.go:871.61,874.29 2 5
github.com/hugoh/jj-trim/run.go:874.29,876.3 1 4
github.com/hugoh/jj-trim/run.go:878.2,878.17 1 5
github.com/hugoh/jj-trim/run.go:894.47,896.26 2 8
github.com/hugoh/jj-trim/run.go:896.26,898.3 1 13
github.com/hugoh/jj-trim/run.go:900.2,900.66 1 8
github.com/hugoh/jj-trim/run.go:903.75,904.29 1 7
github.com/hugoh/jj-trim/run.go:904.29,905.31 1 9
github.com/hugoh/jj-trim/run.go:905.31,906.28 1 14
github.com/hugoh/jj-trim/run.go:906.28,908.5 1 4
github.com/hugoh/jj-trim/run.go:912.2,912.14 1 3
github.com/hugoh/jj-trim/run.go:915.89,916.21 1 2
github.com/hugoh/jj-trim/run.go:916.21,920.3 2 1
github.com/hugoh/jj-trim/run.go:922.2,923.16 2 1
github.com/hugoh/jj-trim/run.go:923.16,925.3 1 0
github.com/hugoh/jj-trim/run.go:927.2,935.12 2 1
github.com/hugoh/jj-trim/run.go:944.92,945.57 1 1
github.com/hugoh/jj-trim/run.go:945.57,947.3 1 0
github.com/hugoh/jj-trim/run.go:949.2,950.16 2 1
github.com/hugoh/jj-trim/run.go:950.16,952.3 1 0
github.com/hugoh/jj-trim/run.go:954.2,954.18 1 1
github.com/hugoh/jj-trim/run.go:965.63,967.9 2 2
github.com/hugoh/jj-trim/run.go:967.9,969.3 1 1
github.com/hugoh/jj-trim/run.go:971.2,972.9 2 1
github.com/hugoh/jj-trim/run.go:972.9,974.3 1 1
github.com/hugoh/jj-trim/run.go:976.2,976.59 1 0
github.com/hugoh/jj-trim/run.go:976.59,978.3 1 0
github.com/hugoh/jj-trim/run.go:980.2,980.12 1 0
github.com/hugoh/jj-trim/run.go:983.88,984.55 1 2
github.com/hugoh/jj-trim/run.go:984.55,986.3 1 2
github.com/hugoh/jj-trim/run.go:988.2,996.16 4 0
github.com/hugoh/jj-trim/run.go:996.16,998.3 1 0
github.com/hugoh/jj-trim/run.go:1000.2,1002.12 2 0
github.com/hugoh/jj-trim/run.go:1011.27,1013.17 2 1
github.com/hugoh/jj-trim/run.go:1013.17,1015.3 1 0
github.com/hugoh/jj-trim/run.go:1017.2,1018.27 2 1
github.com/hugoh/jj-trim/run.go:1018.27,1020.3 1 0
github.com/hugoh/jj-trim/run.go:1022.2,1023.16 2 1
github.com/hugoh/jj-trim/run.go:1023.16,1025.3 1 0
github.com/hugoh/jj-trim/run.go:1027.2,1028.16 2 1
github.com/hugoh/jj-trim/run.go:1028.16,1030.3 1 0
github.com/hugoh/jj-trim/run.go:1032.2,1045.8 1 1
github.com/hugoh/jj-trim/run.go:1053.27,1055.16 2 1
github.com/hugoh/jj-trim/run.go:1055.16,1057.3 1 0
github.com/hugoh/jj-trim/run.go:1059.2,1065.8 2 1
github.com/hugoh/jj-trim/run.go:1079.9,1080.55 1 0
github.com/hugoh/jj-trim/run.go:1080.55,1082.3 1 0
github.com/hugoh/jj-trim/run.go:1084.2,1085.16 2 0
github.com/hugoh/jj-trim/run.go:1085.16,1087.3 1 0
github.com/hugoh/jj-trim/run.go:1089.2,1091.12 2 0
github.com/hugoh/jj-trim/run.go:1102.61,1103.28 1 2
github.com/hugoh/jj-trim/run.go:1103.28,1107.3 2 1
github.com/hugoh/jj-trim/run.go:1109.2,1111.36 2 1
github.com/hugoh/jj-trim/run.go:1111.36,1113.3 1 2
github.com/hugoh/jj-trim/run.go:1121.38,1123.2 1 3
github.com/hugoh/jj-trim/run.go:1126.52,1128.2 1 9
github.com/hugoh/jj-trim/internal/browse/browse.go:33.31,34.22 1 214
github.com/hugoh/jj-trim/internal/browse/browse.go:34.22,36.3 1 77
github.com/hugoh/jj-trim/internal/browse/browse.go:38.2,38.20 1 137
github.com/hugoh/jj-trim/internal/browse/browse.go:68.96,70.2 1 9
github.com/hugoh/jj-trim/internal/browse/browse.go:79.26,85.16 4 1
github.com/hugoh/jj-trim/internal/browse/browse.go:85.16,87.3 1 0
github.com/hugoh/jj-trim/internal/browse/browse.go:89.2,90.9 2 1
github.com/hugoh/jj-trim/internal/browse/browse.go:90.9,92.3 1 0
github.com/hugoh/jj-trim/internal/browse/browse.go:94.2,94.36 1 1
github.com/hugoh/jj-trim/internal/browse/browse.go:107.64,108.19 1 3
github.com/hugoh/jj-trim/internal/browse/browse.go:108.19,110.3 1 2
github.com/hugoh/jj-trim/internal/browse/browse.go:112.2,113.9 2 1
github.com/hugoh/jj-trim/internal/browse/browse.go:113.9,115.3 1 0
github.com/hugoh/jj-trim/internal/browse/browse.go:117.2,118.16 2 1
github.com/hugoh/jj-trim/internal/browse/browse.go:118.16,120.3 1 1
github.com/hugoh/jj-trim/internal/browse/browse.go:122.2,122.17 1 0
github.com/hugoh/jj-trim/internal/browse/model.go:79.10,90.2 1 16
github.com/hugoh/jj-trim/internal/browse/model.go:92.32,97.2 1 16
github.com/hugoh/jj-trim/internal/browse/model.go:118.11,119.24 1 27
github.com/hugoh/jj-trim/internal/browse/model.go:119.24,123.3 2 26
github.com/hugoh/jj-trim/internal/browse/model.go:126.58,127.46 1 233
github.com/hugoh/jj-trim/internal/browse/model.go:127.46,129.3 1 19
github.com/hugoh/jj-trim/internal/browse/model.go:131.2,131.45 1 214
github.com/hugoh/jj-trim/internal/browse/model.go:131.45,133.3 1 83
github.com/hugoh/jj-trim/internal/browse/model.go:135.2,135.51 1 131
github.com/hugoh/jj-trim/internal/browse/model.go:135.51,139.3 2 0
github.com/hugoh/jj-trim/internal/browse/model.go:141.2,141.46 1 131
github.com/hugoh/jj-trim/internal/browse/model.go:141.46,143.3 1 23
github.com/hugoh/jj-trim/internal/browse/model.go:145.2,145.49 1 108
github.com/hugoh/jj-trim/internal/browse/model.go:145.49,147.3 1 26
github.com/hugoh/jj-trim/internal/browse/model.go:149.2,149.31 1 82
github.com/hugoh/jj-trim/internal/browse/model.go:149.31,155.3 3 25
github.com/hugoh/jj-trim/internal/browse/model.go:157.2,157.31 1 57
github.com/hugoh/jj-trim/internal/browse/model.go:157.31,159.3 1 21
github.com/hugoh/jj-trim/internal/browse/model.go:161.2,161.33 1 36
github.com/hugoh/jj-trim/internal/browse/model.go:164.33,165.18 1 211
github.com/hugoh/jj-trim/internal/browse/model.go:165.18,167.3 1 16
github.com/hugoh/jj-trim/internal/browse/model.go:169.2,169.18 1 195
github.com/hugoh/jj-trim/internal/browse/model.go:170.21,171.49 1 56
github.com/hugoh/jj-trim/internal/browse/model.go:172.21,173.70 1 64
github.com/hugoh/jj-trim/internal/browse/model.go:174.19,175.76 1 75
github.com/hugoh/jj-trim/internal/browse/model.go:176.10,177.36 1 0
github.com/hugoh/jj-trim/internal/browse/model.go:184.38,188.27 3 56
github.com/hugoh/jj-trim/internal/browse/model.go:188.27,190.3 1 45
github.com/hugoh/jj-trim/internal/browse/model.go:192.2,192.69 1 56
github.com/hugoh/jj-trim/internal/browse/model.go:197.53,198.20 1 55
github.com/hugoh/jj-trim/internal/browse/model.go:198.20,200.3 1 19
github.com/hugoh/jj-trim/internal/browse/model.go:202.2,206.12 3 36
github.com/hugoh/jj-trim/internal/browse/model.go:212.77,213.31 1 23
github.com/hugoh/jj-trim/internal/browse/model.go:213.31,215.3 1 13
github.com/hugoh/jj-trim/internal/browse/model.go:217.2,221.15 3 10
github.com/hugoh/jj-trim/internal/browse/model.go:231.80,232.20 1 26
github.com/hugoh/jj-trim/internal/browse/model.go:232.20,236.3 2 2
github.com/hugoh/jj-trim/internal/browse/model.go:238.2,249.46 7 24
github.com/hugoh/jj-trim/internal/browse/model.go:252.78,256.2 2 19
github.com/hugoh/jj-trim/internal/browse/model.go:258.53,260.2 1 43
github.com/hugoh/jj-trim/internal/browse/model.go:262.69,263.18 1 83
github.com/hugoh/jj-trim/internal/browse/model.go:264.21,265.33 1 1
github.com/hugoh/jj-trim/internal/browse/model.go:266.21,267.33 1 37
github.com/hugoh/jj-trim/internal/browse/model.go:268.19,269.37 1 45
github.com/hugoh/jj-trim/internal/browse/model.go:270.10,271.16 1 0
github.com/hugoh/jj-trim/internal/browse/model.go:282.76,283.22 1 1
github.com/hugoh/jj-trim/internal/browse/model.go:284.21,285.21 1 1
github.com/hugoh/jj-trim/internal/browse/model.go:286.10,287.16 1 0
github.com/hugoh/jj-trim/internal/browse/model.go:312.80,313.19 1 45
github.com/hugoh/jj-trim/internal/browse/model.go:313.19,314.23 1 35
github.com/hugoh/jj-trim/internal/browse/model.go:315.14,316.25 1 8
github.com/hugoh/jj-trim/internal/browse/model.go:317.12,321.17 3 5
github.com/hugoh/jj-trim/internal/browse/model.go:325.2,329.15 3 32
github.com/hugoh/jj-trim/internal/browse/model.go:337.34,341.2 2 45
github.com/hugoh/jj-trim/internal/browse/model.go:347.45,349.9 2 11
github.com/hugoh/jj-trim/internal/browse/model.go:349.9,351.3 1 0
github.com/hugoh/jj-trim/internal/browse/model.go:353.2,355.12 2 11
github.com/hugoh/jj-trim/internal/browse/model.go:367.51,369.27 2 8
github.com/hugoh/jj-trim/internal/browse/model.go:369.27,371.3 1 7
github.com/hugoh/jj-trim/internal/browse/model.go:373.2,380.3 4 8
github.com/hugoh/jj-trim/internal/browse/model.go:383.47,384.27 1 27
github.com/hugoh/jj-trim/internal/browse/model.go:384.27,386.3 1 8
github.com/hugoh/jj-trim/internal/browse/model.go:388.2,388.23 1 19
github.com/hugoh/jj-trim/internal/browse/model.go:391.76,392.22 1 37
github.com/hugoh/jj-trim/internal/browse/model.go:393.13,397.16 3 2
github.com/hugoh/jj-trim/internal/browse/model.go:398.15,399.26 1 4
github.com/hugoh/jj-trim/internal/browse/model.go:400.13,403.16 2 2
github.com/hugoh/jj-trim/internal/browse/model.go:404.19,407.16 2 0
github.com/hugoh/jj-trim/internal/browse/model.go:408.15,412.36 1 1
github.com/hugoh/jj-trim/internal/browse/model.go:412.36,416.4 2 1
github.com/hugoh/jj-trim/internal/browse/model.go:419.2,423.15 3 28
github.com/hugoh/jj-trim/internal/browse/model.go:436.53,438.16 2 4
github.com/hugoh/jj-trim/internal/browse/model.go:438.16,442.3 2 1
github.com/hugoh/jj-trim/internal/browse/model.go:444.2,452.3 5 3
github.com/hugoh/jj-trim/internal/browse/model.go:463.33,470.29 4 75
github.com/hugoh/jj-trim/internal/browse/model.go:470.29,472.21 2 150
github.com/hugoh/jj-trim/internal/browse/model.go:472.21,476.4 3 75
github.com/hugoh/jj-trim/internal/browse/model.go:476.9,480.4 3 75
github.com/hugoh/jj-trim/internal/browse/model.go:482.3,482.21 1 150
github.com/hugoh/jj-trim/internal/browse/model.go:485.2,487.52 2 75
github.com/hugoh/jj-trim/internal/browse/model.go:528.68,531.25 2 5
github.com/hugoh/jj-trim/internal/browse/model.go:531.25,535.3 2 2
github.com/hugoh/jj-trim/internal/browse/model.go:537.2,552.26 6 3
github.com/hugoh/jj-trim/internal/browse/model.go:552.26,566.3 6 9
github.com/hugoh/jj-trim/internal/browse/model.go:568.2,570.10 2 3
github.com/hugoh/jj-trim/internal/browse/model.go:573.67,574.49 1 53
github.com/hugoh/jj-trim/internal/browse/model.go:574.49,576.3 1 0
github.com/hugoh/jj-trim/internal/browse/model.go:578.2,582.15 3 53
github.com/hugoh/jj-trim/internal/browse/model.go:585.35,586.24 1 2
github.com/hugoh/jj-trim/internal/browse/model.go:586.24,588.3 1 0
github.com/hugoh/jj-trim/internal/browse/model.go:590.2,592.27 3 2
github.com/hugoh/jj-trim/internal/browse/model.go:595.35,596.24 1 0
github.com/hugoh/jj-trim/internal/browse/model.go:596.24,598.3 1 0
github.com/hugoh/jj-trim/internal/browse/model.go:600.2,602.27 3 0
github.com/hugoh/jj-trim/internal/browse/model.go:605.36,607.2 1 1
github.com/hugoh/jj-trim/internal/browse/model.go:612.80,615.27 2 4
github.com/hugoh/jj-trim/internal/browse/model.go:615.27,619.3 2 2
github.com/hugoh/jj-trim/internal/browse/model.go:621.2,626.24 4 2
github.com/hugoh/jj-trim/internal/browse/model.go:626.24,627.54 1 0
github.com/hugoh/jj-trim/internal/browse/model.go:627.54,628.41 1 0
github.com/hugoh/jj-trim/internal/browse/model.go:628.41,630.5 1 0
github.com/hugoh/jj-trim/internal/browse/model.go:634.2,635.20 2 2
github.com/hugoh/jj-trim/internal/browse/model.go:635.20,639.3 2 1
github.com/hugoh/jj-trim/internal/browse/model.go:641.2,642.16 2 1
github.com/hugoh/jj-trim/internal/browse/model.go:642.16,644.3 1 1
github.com/hugoh/jj-trim/internal/browse/model.go:646.2,648.17 2 0
github.com/hugoh/jj-trim/internal/browse/model.go:655.48,656.14 1 3
github.com/hugoh/jj-trim/internal/browse/model.go:656.14,658.3 1 3
github.com/hugoh/jj-trim/internal/browse/model.go:660.2,660.23 1 0
github.com/hugoh/jj-trim/internal/browse/model.go:660.23,662.3 1 0
github.com/hugoh/jj-trim/internal/browse/model.go:664.2,664.19 1 0
github.com/hugoh/jj-trim/internal/browse/model.go:667.62,677.27 7 64
github.com/hugoh/jj-trim/internal/browse/model.go:677.27,679.18 2 2
github.com/hugoh/jj-trim/internal/browse/model.go:679.18,681.4 1 1
github.com/hugoh/jj-trim/internal/browse/model.go:683.3,687.37 5 2
github.com/hugoh/jj-trim/internal/browse/model.go:688.8,689.37 1 62
github.com/hugoh/jj-trim/internal/browse/model.go:689.37,691.20 2 186
github.com/hugoh/jj-trim/internal/browse/model.go:691.20,693.5 1 62
github.com/hugoh/jj-trim/internal/browse/model.go:695.4,702.23 8 186
github.com/hugoh/jj-trim/internal/browse/model.go:706.2,706.17 1 64
github.com/hugoh/jj-trim/internal/browse/model.go:706.17,710.3 3 1
github.com/hugoh/jj-trim/internal/browse/model.go:712.2,716.19 4 64
github.com/hugoh/jj-trim/internal/classify/candidate.go:85.43,87.2 1 4
github.com/hugoh/jj-trim/internal/classify/candidate.go:91.42,93.2 1 2
github.com/hugoh/jj-trim/internal/classify/candidate.go:100.61,104.2 2 3
github.com/hugoh/jj-trim/internal/classify/candidate.go:109.67,111.2 1 3
github.com/hugoh/jj-trim/internal/classify/candidate.go:121.46,124.9 2 7
github.com/hugoh/jj-trim/internal/classify/candidate.go:125.21,126.53 1 2
github.com/hugoh/jj-trim/internal/classify/candidate.go:127.33,128.52 1 3
github.com/hugoh/jj-trim/internal/classify/candidate.go:129.10,130.63 1 2
github.com/hugoh/jj-trim/internal/classify/candidate.go:135.43,136.12 1 7
github.com/hugoh/jj-trim/internal/classify/candidate.go:136.12,138.3 1 3
github.com/hugoh/jj-trim/internal/classify/candidate.go:140.2,140.39 1 4
github.com/hugoh/jj-trim/internal/classify/candidate.go:147.42,152.2 3 11
github.com/hugoh/jj-trim/internal/classify/candidate.go:156.45,157.25 1 3
github.com/hugoh/jj-trim/internal/classify/candidate.go:157.25,159.3 1 1
github.com/hugoh/jj-trim/internal/classify/candidate.go:161.2,162.25 2 2
github.com/hugoh/jj-trim/internal/classify/candidate.go:162.25,164.3 1 1
github.com/hugoh/jj-trim/internal/classify/candidate.go:166.2,172.3 1 2
github.com/hugoh/jj-trim/internal/classify/candidate.go:190.57,196.21 4 5
github.com/hugoh/jj-trim/internal/classify/candidate.go:196.21,198.17 2 8
github.com/hugoh/jj-trim/internal/classify/candidate.go:198.17,199.12 1 2
github.com/hugoh/jj-trim/internal/classify/candidate.go:202.3,203.58 2 6
github.com/hugoh/jj-trim/internal/classify/candidate.go:203.58,205.4 1 1
github.com/hugoh/jj-trim/internal/classify/candidate.go:207.3,207.37 1 5
github.com/hugoh/jj-trim/internal/classify/candidate.go:210.2,210.38 1 4
github.com/hugoh/jj-trim/internal/classify/candidate.go:210.38,212.3 1 0
github.com/hugoh/jj-trim/internal/classify/candidate.go:214.2,214.24 1 4
github.com/hugoh/jj-trim/internal/classify/candidate.go:220.46,221.45 1 1
github.com/hugoh/jj-trim/internal/classify/candidate.go:221.45,223.3 1 1
github.com/hugoh/jj-trim/internal/classify/duplicate.go:17.90,19.32 2 6
github.com/hugoh/jj-trim/internal/classify/duplicate.go:19.32,21.3 1 5
github.com/hugoh/jj-trim/internal/classify/duplicate.go:23.2,25.31 2 6
github.com/hugoh/jj-trim/internal/classify/duplicate.go:25.31,26.29 1 6
github.com/hugoh/jj-trim/internal/classify/duplicate.go:26.29,28.4 1 3
github.com/hugoh/jj-trim/internal/classify/duplicate.go:28.9,30.4 1 3
github.com/hugoh/jj-trim/internal/classify/duplicate.go:33.2,33.25 1 6
github.com/hugoh/jj-trim/internal/classify/legend.go:46.37,47.11 1 8
github.com/hugoh/jj-trim/internal/classify/legend.go:48.22,49.13 1 3
github.com/hugoh/jj-trim/internal/classify/legend.go:50.24,51.13 1 3
github.com/hugoh/jj-trim/internal/classify/legend.go:52.23,53.13 1 1
github.com/hugoh/jj-trim/internal/classify/legend.go:54.10,55.13 1 1
github.com/hugoh/jj-trim/internal/classify/legend.go:60.37,61.11 1 4
github.com/hugoh/jj-trim/internal/classify/legend.go:62.22,63.16 1 1
github.com/hugoh/jj-trim/internal/classify/legend.go:64.24,65.18 1 1
github.com/hugoh/jj-trim/internal/classify/legend.go:66.23,67.17 1 1
github.com/hugoh/jj-trim/internal/classify/legend.go:68.10,69.19 1 1
github.com/hugoh/jj-trim/internal/classify/legend.go:137.36,139.9 2 11
github.com/hugoh/jj-trim/internal/classify/legend.go:139.9,140.70 1 1
github.com/hugoh/jj-trim/internal/classify/legend.go:143.2,143.13 1 10
github.com/hugoh/jj-trim/internal/classify/legend.go:167.71,169.31 2 1
github.com/hugoh/jj-trim/internal/classify/legend.go:169.31,175.3 1 2
github.com/hugoh/jj-trim/internal/classify/legend.go:177.2,177.16 1 1
github.com/hugoh/jj-trim/internal/classify/legend.go:185.38,187.26 2 4
github.com/hugoh/jj-trim/internal/classify/legend.go:187.26,189.3 1 2
github.com/hugoh/jj-trim/internal/classify/legend.go:191.2,194.22 3 4
github.com/hugoh/jj-trim/internal/classify/legend.go:194.22,196.3 1 1
github.com/hugoh/jj-trim/internal/classify/legend.go:198.2,198.13 1 4
github.com/hugoh/jj-trim/internal/classify/revset.go:17.43,19.2 1 2
github.com/hugoh/jj-trim/internal/classify/revset.go:26.45,28.2 1 1
github.com/hugoh/jj-trim/internal/classify/revset.go:33.30,35.2 1 2
github.com/hugoh/jj-trim/internal/classify/revset.go:40.43,42.2 1 1
github.com/hugoh/jj-trim/internal/classify/revset.go:51.27,53.2 1 0
github.com/hugoh/jj-trim/internal/classify/revset.go:65.39,67.2 1 5
github.com/hugoh/jj-trim/internal/classify/revset.go:72.48,76.2 2 1
github.com/hugoh/jj-trim/internal/classify/revset.go:86.75,91.34 3 2
github.com/hugoh/jj-trim/internal/classify/revset.go:91.34,93.3 1 2
github.com/hugoh/jj-trim/internal/classify/revset.go:95.2,95.19 1 2
github.com/hugoh/jj-trim/internal/classify/revset.go:104.58,106.2 1 1
github.com/hugoh/jj-trim/internal/preview/preview.go:32.9,35.66 2 3
github.com/hugoh/jj-trim/internal/preview/preview.go:35.66,37.3 1 0
github.com/hugoh/jj-trim/internal/preview/preview.go:39.2,39.22 1 3
github.com/hugoh/jj-trim/internal/preview/preview.go:39.22,41.3 1 1
github.com/hugoh/jj-trim/internal/preview/preview.go:45.2,46.59 2 2
github.com/hugoh/jj-trim/internal/preview/preview.go:46.59,48.3 1 0
github.com/hugoh/jj-trim/internal/preview/preview.go:50.2,50.31 1 2
github.com/hugoh/jj-trim/internal/preview/preview.go:50.31,51.67 1 3
github.com/hugoh/jj-trim/internal/preview/preview.go:51.67,53.4 1 0
github.com/hugoh/jj-trim/internal/preview/preview.go:56.2,56.14 1 2
github.com/hugoh/jj-trim/internal/preview/preview.go:56.14,58.3 1 1
github.com/hugoh/jj-trim/internal/preview/preview.go:60.2,60.34 1 1
github.com/hugoh/jj-trim/internal/preview/preview.go:66.71,67.59 1 1
github.com/hugoh/jj-trim/internal/preview/preview.go:67.59,69.3 1 0
github.com/hugoh/jj-trim/internal/preview/preview.go:71.2,73.31 2 1
github.com/hugoh/jj-trim/internal/preview/preview.go:73.31,74.25 1 2
github.com/hugoh/jj-trim/internal/preview/preview.go:74.25,75.12 1 1
github.com/hugoh/jj-trim/internal/preview/preview.go:78.3,89.17 4 1
github.com/hugoh/jj-trim/internal/preview/preview.go:89.17,91.4 1 0
github.com/hugoh/jj-trim/internal/preview/preview.go:94.2,94.12 1 1
github.com/hugoh/jj-trim/internal/preview/preview.go:99.35,103.2 2 3
github.com/hugoh/jj-trim/internal/review/model.go:45.42,45.70 1 0
github.com/hugoh/jj-trim/internal/review/model.go:69.58,69.70 1 178
github.com/hugoh/jj-trim/internal/review/model.go:70.58,70.70 1 327
github.com/hugoh/jj-trim/internal/review/model.go:71.58,71.72 1 3
github.com/hugoh/jj-trim/internal/review/model.go:73.88,75.9 2 241
github.com/hugoh/jj-trim/internal/review/model.go:75.9,77.3 1 0
github.com/hugoh/jj-trim/internal/review/model.go:79.2,81.21 2 241
github.com/hugoh/jj-trim/internal/review/model.go:82.23,82.23 0 205
github.com/hugoh/jj-trim/internal/review/model.go:83.22,84.31 1 26
github.com/hugoh/jj-trim/internal/review/model.go:85.29,86.32 1 10
github.com/hugoh/jj-trim/internal/review/model.go:89.2,97.9 3 241
github.com/hugoh/jj-trim/internal/review/model.go:98.26,99.51 1 134
github.com/hugoh/jj-trim/internal/review/model.go:100.38,101.49 1 9
github.com/hugoh/jj-trim/internal/review/model.go:102.10,103.50 1 98
github.com/hugoh/jj-trim/internal/review/model.go:106.2,106.28 1 241
github.com/hugoh/jj-trim/internal/review/model.go:160.10,161.87 1 21
github.com/hugoh/jj-trim/internal/review/model.go:161.87,164.62 1 1
github.com/hugoh/jj-trim/internal/review/model.go:167.2,170.27 3 20
github.com/hugoh/jj-trim/internal/review/model.go:170.27,178.3 3 34
github.com/hugoh/jj-trim/internal/review/model.go:180.2,183.33 3 20
github.com/hugoh/jj-trim/internal/review/model.go:183.33,185.3 1 8
github.com/hugoh/jj-trim/internal/review/model.go:187.2,219.3 11 20
github.com/hugoh/jj-trim/internal/review/model.go:222.32,224.2 1 15
github.com/hugoh/jj-trim/internal/review/model.go:226.58,227.27 1 191
github.com/hugoh/jj-trim/internal/review/model.go:228.25,229.33 1 32
github.com/hugoh/jj-trim/internal/review/model.go:230.23,231.26 1 73
github.com/hugoh/jj-trim/internal/review/model.go:232.24,233.36 1 19
github.com/hugoh/jj-trim/internal/review/model.go:234.18,235.30 1 12
github.com/hugoh/jj-trim/internal/review/model.go:236.23,237.35 1 10
github.com/hugoh/jj-trim/internal/review/model.go:238.30,239.38 1 0
github.com/hugoh/jj-trim/internal/review/model.go:240.10,241.16 1 45
github.com/hugoh/jj-trim/internal/review/model.go:253.33,254.14 1 223
github.com/hugoh/jj-trim/internal/review/model.go:254.14,256.3 1 16
github.com/hugoh/jj-trim/internal/review/model.go:258.2,258.18 1 207
github.com/hugoh/jj-trim/internal/review/model.go:259.18,260.46 1 137
github.com/hugoh/jj-trim/internal/review/model.go:261.21,262.49 1 30
github.com/hugoh/jj-trim/internal/review/model.go:263.21,264.49 1 40
github.com/hugoh/jj-trim/internal/review/model.go:265.10,266.46 1 0
github.com/hugoh/jj-trim/internal/review/model.go:276.38,277.31 1 6
github.com/hugoh/jj-trim/internal/review/model.go:277.31,279.3 1 4
github.com/hugoh/jj-trim/internal/review/model.go:281.2,281.12 1 2
github.com/hugoh/jj-trim/internal/review/model.go:287.88,296.2 3 0
github.com/hugoh/jj-trim/internal/review/model.go:306.51,307.40 1 19
github.com/hugoh/jj-trim/internal/review/model.go:307.40,309.3 1 0
github.com/hugoh/jj-trim/internal/review/model.go:311.2,311.47 1 19
github.com/hugoh/jj-trim/internal/review/model.go:311.47,313.3 1 0
github.com/hugoh/jj-trim/internal/review/model.go:315.2,317.24 2 19
github.com/hugoh/jj-trim/internal/review/model.go:317.24,321.3 2 19
github.com/hugoh/jj-trim/internal/review/model.go:324.78,346.25 8 32
github.com/hugoh/jj-trim/internal/review/model.go:346.25,349.3 2 0
github.com/hugoh/jj-trim/internal/review/model.go:351.2,371.15 8 32
github.com/hugoh/jj-trim/internal/review/model.go:374.80,375.48 1 22
github.com/hugoh/jj-trim/internal/review/model.go:375.48,377.3 1 1
github.com/hugoh/jj-trim/internal/review/model.go:379.2,381.20 2 21
github.com/hugoh/jj-trim/internal/review/model.go:381.20,383.3 1 1
github.com/hugoh/jj-trim/internal/review/model.go:383.8,385.3 1 20
github.com/hugoh/jj-trim/internal/review/model.go:387.2,387.33 1 21
github.com/hugoh/jj-trim/internal/review/model.go:387.33,389.3 1 21
github.com/hugoh/jj-trim/internal/review/model.go:391.2,391.15 1 21
github.com/hugoh/jj-trim/internal/review/model.go:398.50,402.2 2 22
github.com/hugoh/jj-trim/internal/review/model.go:404.69,405.22 1 73
github.com/hugoh/jj-trim/internal/review/model.go:406.21,407.21 1 15
github.com/hugoh/jj-trim/internal/review/model.go:410.2,410.18 1 58
github.com/hugoh/jj-trim/internal/review/model.go:411.18,412.56 1 40
github.com/hugoh/jj-trim/internal/review/model.go:412.56,414.4 1 37
github.com/hugoh/jj-trim/internal/review/model.go:416.3,416.37 1 3
github.com/hugoh/jj-trim/internal/review/model.go:417.21,418.33 1 15
github.com/hugoh/jj-trim/internal/review/model.go:419.21,420.33 1 3
github.com/hugoh/jj-trim/internal/review/model.go:421.10,422.37 1 0
github.com/hugoh/jj-trim/internal/review/model.go:430.72,431.22 1 40
github.com/hugoh/jj-trim/internal/review/model.go:432.14,433.24 1 0
github.com/hugoh/jj-trim/internal/review/model.go:434.16,437.19 2 16
github.com/hugoh/jj-trim/internal/review/model.go:438.11,441.19 2 1
github.com/hugoh/jj-trim/internal/review/model.go:442.26,445.19 2 13
github.com/hugoh/jj-trim/internal/review/model.go:448.2,448.87 1 10
github.com/hugoh/jj-trim/internal/review/model.go:448.87,452.3 2 7
github.com/hugoh/jj-trim/internal/review/model.go:454.2,454.19 1 3
github.com/hugoh/jj-trim/internal/review/model.go:457.80,464.30 4 3
github.com/hugoh/jj-trim/internal/review/model.go:464.30,465.55 1 3
github.com/hugoh/jj-trim/internal/review/model.go:465.55,467.4 1 0
github.com/hugoh/jj-trim/internal/review/model.go:467.9,469.4 1 3
github.com/hugoh/jj-trim/internal/review/model.go:471.3,471.61 1 3
github.com/hugoh/jj-trim/internal/review/model.go:474.2,474.15 1 0
github.com/hugoh/jj-trim/internal/review/model.go:477.76,478.22 1 15
github.com/hugoh/jj-trim/internal/review/model.go:479.14,482.16 2 1
github.com/hugoh/jj-trim/internal/review/model.go:483.16,485.44 2 14
github.com/hugoh/jj-trim/internal/review/model.go:485.44,492.4 2 2
github.com/hugoh/jj-trim/internal/review/model.go:494.3,494.25 1 12
github.com/hugoh/jj-trim/internal/review/model.go:495.10,496.16 1 0
github.com/hugoh/jj-trim/internal/review/model.go:506.37,508.2 1 43
github.com/hugoh/jj-trim/internal/review/model.go:517.76,518.23 1 3
github.com/hugoh/jj-trim/internal/review/model.go:518.23,520.3 1 2
github.com/hugoh/jj-trim/internal/review/model.go:522.2,522.22 1 1
github.com/hugoh/jj-trim/internal/review/model.go:523.24,524.28 1 1
github.com/hugoh/jj-trim/internal/review/model.go:527.2,531.15 3 0
github.com/hugoh/jj-trim/internal/review/model.go:544.55,547.41 2 3
github.com/hugoh/jj-trim/internal/review/model.go:547.41,549.3 1 2
github.com/hugoh/jj-trim/internal/review/model.go:551.2,553.15 2 3
github.com/hugoh/jj-trim/internal/review/model.go:561.52,562.40 1 20
github.com/hugoh/jj-trim/internal/review/model.go:562.40,564.3 1 0
github.com/hugoh/jj-trim/internal/review/model.go:566.2,567.22 2 20
github.com/hugoh/jj-trim/internal/review/model.go:567.22,569.3 1 1
github.com/hugoh/jj-trim/internal/review/model.go:569.8,571.3 1 19
github.com/hugoh/jj-trim/internal/review/model.go:573.2,574.31 2 20
github.com/hugoh/jj-trim/internal/review/model.go:580.42,581.40 1 1
github.com/hugoh/jj-trim/internal/review/model.go:581.40,583.3 1 0
github.com/hugoh/jj-trim/internal/review/model.go:585.2,588.31 4 1
github.com/hugoh/jj-trim/internal/review/model.go:619.36,626.28 4 12
github.com/hugoh/jj-trim/internal/review/model.go:626.28,629.3 2 9
github.com/hugoh/jj-trim/internal/review/model.go:631.2,631.29 1 12
github.com/hugoh/jj-trim/internal/review/model.go:631.29,635.3 3 6
github.com/hugoh/jj-trim/internal/review/model.go:637.2,637.24 1 12
github.com/hugoh/jj-trim/internal/review/model.go:637.24,638.50 1 12
github.com/hugoh/jj-trim/internal/review/model.go:638.50,640.4 1 0
github.com/hugoh/jj-trim/internal/review/model.go:642.3,644.81 2 12
github.com/hugoh/jj-trim/internal/review/model.go:644.81,646.4 1 2
github.com/hugoh/jj-trim/internal/review/model.go:648.3,648.59 1 10
github.com/hugoh/jj-trim/internal/review/model.go:648.59,656.18 2 6
github.com/hugoh/jj-trim/internal/review/model.go:656.18,658.5 1 2
github.com/hugoh/jj-trim/internal/review/model.go:660.4,660.18 1 4
github.com/hugoh/jj-trim/internal/review/model.go:660.18,662.5 1 3
github.com/hugoh/jj-trim/internal/review/model.go:665.3,665.36 1 8
github.com/hugoh/jj-trim/internal/review/model.go:680.9,682.16 2 12
github.com/hugoh/jj-trim/internal/review/model.go:682.16,684.3 1 2
github.com/hugoh/jj-trim/internal/review/model.go:686.2,686.16 1 10
github.com/hugoh/jj-trim/internal/review/model.go:686.16,688.3 1 10
github.com/hugoh/jj-trim/internal/review/model.go:690.2,690.27 1 10
github.com/hugoh/jj-trim/internal/review/model.go:690.27,692.3 1 13
github.com/hugoh/jj-trim/internal/review/model.go:694.2,694.12 1 10
github.com/hugoh/jj-trim/internal/review/model.go:704.71,705.19 1 12
github.com/hugoh/jj-trim/internal/review/model.go:705.19,707.3 1 0
github.com/hugoh/jj-trim/internal/review/model.go:709.2,709.59 1 12
github.com/hugoh/jj-trim/internal/review/model.go:709.59,711.3 1 2
github.com/hugoh/jj-trim/internal/review/model.go:713.2,714.16 2 10
github.com/hugoh/jj-trim/internal/review/model.go:714.16,716.3 1 0
github.com/hugoh/jj-trim/internal/review/model.go:718.2,718.18 1 10
github.com/hugoh/jj-trim/internal/review/model.go:733.78,734.19 1 6
github.com/hugoh/jj-trim/internal/review/model.go:734.19,736.3 1 0
github.com/hugoh/jj-trim/internal/review/model.go:738.2,739.16 2 6
github.com/hugoh/jj-trim/internal/review/model.go:739.16,741.3 1 0
github.com/hugoh/jj-trim/internal/review/model.go:743.2,743.59 1 6
github.com/hugoh/jj-trim/internal/review/model.go:743.59,745.3 1 2
github.com/hugoh/jj-trim/internal/review/model.go:747.2,748.16 2 4
github.com/hugoh/jj-trim/internal/review/model.go:748.16,750.3 1 0
github.com/hugoh/jj-trim/internal/review/model.go:752.2,752.21 1 4
github.com/hugoh/jj-trim/internal/review/model.go:752.21,754.3 1 1
github.com/hugoh/jj-trim/internal/review/model.go:756.2,756.19 1 3
github.com/hugoh/jj-trim/internal/review/model.go:769.68,776.32 5 12
github.com/hugoh/jj-trim/internal/review/model.go:776.32,780.3 2 2
github.com/hugoh/jj-trim/internal/review/model.go:782.2,784.60 2 10
github.com/hugoh/jj-trim/internal/review/model.go:799.78,800.24 1 10
github.com/hugoh/jj-trim/internal/review/model.go:800.24,803.28 2 10
github.com/hugoh/jj-trim/internal/review/model.go:803.28,805.18 2 13
github.com/hugoh/jj-trim/internal/review/model.go:805.18,807.5 1 4
github.com/hugoh/jj-trim/internal/review/model.go:809.4,809.13 1 9
github.com/hugoh/jj-trim/internal/review/model.go:809.13,811.5 1 3
github.com/hugoh/jj-trim/internal/review/model.go:813.4,813.22 1 9
github.com/hugoh/jj-trim/internal/review/model.go:816.3,816.43 1 6
github.com/hugoh/jj-trim/internal/review/model.go:820.78,821.20 1 10
github.com/hugoh/jj-trim/internal/review/model.go:821.20,825.3 2 4
github.com/hugoh/jj-trim/internal/review/model.go:827.2,829.15 2 6
github.com/hugoh/jj-trim/internal/review/model.go:836.40,838.47 2 2
github.com/hugoh/jj-trim/internal/review/model.go:838.47,840.3 1 3
github.com/hugoh/jj-trim/internal/review/model.go:842.2,845.29 3 2
github.com/hugoh/jj-trim/internal/review/model.go:845.29,846.37 1 4
github.com/hugoh/jj-trim/internal/review/model.go:846.37,847.12 1 3
github.com/hugoh/jj-trim/internal/review/model.go:850.3,851.36 2 1
github.com/hugoh/jj-trim/internal/review/model.go:854.2,858.20 4 2
github.com/hugoh/jj-trim/internal/review/model.go:858.20,862.3 2 1
github.com/hugoh/jj-trim/internal/review/model.go:864.2,866.41 2 1
github.com/hugoh/jj-trim/internal/review/model.go:869.35,888.2 14 137
github.com/hugoh/jj-trim/internal/review/model.go:895.38,903.28 5 40
github.com/hugoh/jj-trim/internal/review/model.go:903.28,906.3 2 10
github.com/hugoh/jj-trim/internal/review/model.go:908.2,913.9 5 40
github.com/hugoh/jj-trim/internal/review/model.go:914.30,916.22 2 10
github.com/hugoh/jj-trim/internal/review/model.go:917.42,918.38 1 0
github.com/hugoh/jj-trim/internal/review/model.go:919.10,922.49 2 30
github.com/hugoh/jj-trim/internal/review/model.go:922.49,924.4 1 42
github.com/hugoh/jj-trim/internal/review/model.go:926.3,929.22 4 30
github.com/hugoh/jj-trim/internal/review/model.go:932.2,936.22 4 40
github.com/hugoh/jj-trim/internal/review/model.go:936.22,938.3 1 30
github.com/hugoh/jj-trim/internal/review/model.go:940.2,942.19 2 40
github.com/hugoh/jj-trim/internal/review/model.go:945.38,951.35 4 30
github.com/hugoh/jj-trim/internal/review/model.go:951.35,953.3 1 16
github.com/hugoh/jj-trim/internal/review/model.go:955.2,961.43 6 30
github.com/hugoh/jj-trim/internal/review/model.go:961.43,963.3 1 6
github.com/hugoh/jj-trim/internal/review/model.go:965.2,965.28 1 30
github.com/hugoh/jj-trim/internal/review/model.go:965.28,969.3 3 18
github.com/hugoh/jj-trim/internal/review/model.go:971.2,971.29 1 30
github.com/hugoh/jj-trim/internal/review/model.go:971.29,975.36 3 12
github.com/hugoh/jj-trim/internal/review/model.go:975.36,977.4 1 12
github.com/hugoh/jj-trim/internal/review/model.go:979.3,979.22 1 12
github.com/hugoh/jj-trim/internal/review/model.go:982.2,986.19 4 30
github.com/hugoh/jj-trim/internal/review/model.go:991.70,993.35 2 30
github.com/hugoh/jj-trim/internal/review/model.go:993.35,995.3 1 16
github.com/hugoh/jj-trim/internal/review/model.go:997.2,997.57 1 30
github.com/hugoh/jj-trim/internal/review/model.go:1003.60,1006.29 2 193
github.com/hugoh/jj-trim/internal/review/model.go:1006.29,1007.22 1 337
github.com/hugoh/jj-trim/internal/review/model.go:1008.24,1008.24 0 241
github.com/hugoh/jj-trim/internal/review/model.go:1009.23,1010.31 1 62
github.com/hugoh/jj-trim/internal/review/model.go:1011.30,1012.33 1 34
github.com/hugoh/jj-trim/internal/review/model.go:1016.2,1016.24 1 193
github.com/hugoh/jj-trim/internal/review/model.go:1019.32,1024.35 3 137
github.com/hugoh/jj-trim/internal/review/model.go:1024.35,1030.3 2 66
github.com/hugoh/jj-trim/internal/review/model.go:1030.8,1037.3 2 71
github.com/hugoh/jj-trim/internal/review/model.go:1039.2,1045.3 1 137
github.com/hugoh/jj-trim/internal/review/review.go:69.34,71.2 1 283
github.com/hugoh/jj-trim/internal/review/review.go:100.43,102.2 1 6
github.com/hugoh/jj-trim/internal/review/review.go:116.29,118.2 1 0
github.com/hugoh/jj-trim/internal/review/review.go:126.13,128.2 1 17
github.com/hugoh/jj-trim/internal/review/review.go:140.13,145.2 3 0
github.com/hugoh/jj-trim/internal/review/review.go:155.19,161.16 4 0
github.com/hugoh/jj-trim/internal/review/review.go:161.16,163.3 1 0
github.com/hugoh/jj-trim/internal/review/review.go:165.2,165.41 1 0
github.com/hugoh/jj-trim/internal/review/review.go:172.65,174.9 2 1
github.com/hugoh/jj-trim/internal/review/review.go:174.9,176.3 1 0
github.com/hugoh/jj-trim/internal/review/review.go:178.2,178.21 1 1
github.com/hugoh/jj-trim/internal/spin/spin.go:35.65,37.31 2 3
github.com/hugoh/jj-trim/internal/spin/spin.go:37.31,39.3 1 2
github.com/hugoh/jj-trim/internal/spin/spin.go:41.2,45.15 3 1
github.com/hugoh/jj-trim/internal/spin/spin.go:45.15,47.3 1 1
github.com/hugoh/jj-trim/internal/spin/spin.go:49.2,54.12 4 1
github.com/hugoh/jj-trim/internal/spin/spin.go:61.63,71.6 6 1
github.com/hugoh/jj-trim/internal/spin/spin.go:71.6,72.10 1 21
github.com/hugoh/jj-trim/internal/spin/spin.go:73.15,76.10 2 1
github.com/hugoh/jj-trim/internal/spin/spin.go:77.19,79.28 2 20
github.com/hugoh/jj-trim/internal/spin/spin.go:79.28,81.5 1 1
github.com/hugoh/jj-trim/internal/spin/spin.go:83.4,84.11 2 20
github.com/hugoh/jj-trim/internal/spin/spin.go:91.36,93.2 1 1
github.com/hugoh/jj-trim/internal/tty/tty.go:24.40,26.2 1 0
github.com/hugoh/jj-trim/internal/tty/tty.go:32.44,33.24 1 4
github.com/hugoh/jj-trim/internal/tty/tty.go:33.24,35.3 1 2
github.com/hugoh/jj-trim/internal/tty/tty.go:37.2,37.25 1 2
github.com/hugoh/jj-trim/internal/tty/tty.go:37.25,39.3 1 1
github.com/hugoh/jj-trim/internal/tty/tty.go:41.2,41.12 1 1
github.com/hugoh/jj-trim/internal/tuistyle/tuistyle.go:18.45,23.2 3 0
github.com/hugoh/jj-trim/internal/tuistyle/tuistyle.go:67.33,73.16 4 5
github.com/hugoh/jj-trim/internal/tuistyle/tuistyle.go:73.16,76.3 2 2
github.com/hugoh/jj-trim/internal/tuistyle/tuistyle.go:78.2,89.3 1 5
github.com/hugoh/jj-trim/internal/tuistyle/tuistyle.go:95.52,96.15 1 3
github.com/hugoh/jj-trim/internal/tuistyle/tuistyle.go:96.15,98.3 1 2
github.com/hugoh/jj-trim/internal/tuistyle/tuistyle.go:100.2,100.48 1 3
github.com/hugoh/jj-trim/internal/jj/commands.go:12.82,14.16 2 12
github.com/hugoh/jj-trim/internal/jj/commands.go:14.16,16.3 1 0
github.com/hugoh/jj-trim/internal/jj/commands.go:18.2,18.17 1 12
github.com/hugoh/jj-trim/internal/jj/commands.go:26.94,28.11 2 3
github.com/hugoh/jj-trim/internal/jj/commands.go:28.11,30.3 1 1
github.com/hugoh/jj-trim/internal/jj/commands.go:30.8,32.3 1 2
github.com/hugoh/jj-trim/internal/jj/commands.go:34.2,34.50 1 3
github.com/hugoh/jj-trim/internal/jj/commands.go:34.50,36.3 1 0
github.com/hugoh/jj-trim/internal/jj/commands.go:38.2,38.12 1 3
github.com/hugoh/jj-trim/internal/jj/commands.go:42.75,44.16 2 1
github.com/hugoh/jj-trim/internal/jj/commands.go:44.16,46.3 1 0
github.com/hugoh/jj-trim/internal/jj/commands.go:48.2,48.17 1 1
github.com/hugoh/jj-trim/internal/jj/commands.go:56.74,57.21 1 6
github.com/hugoh/jj-trim/internal/jj/commands.go:57.21,59.3 1 1
github.com/hugoh/jj-trim/internal/jj/commands.go:61.2,62.29 2 5
github.com/hugoh/jj-trim/internal/jj/commands.go:62.29,64.3 1 7
github.com/hugoh/jj-trim/internal/jj/commands.go:66.2,66.47 1 5
github.com/hugoh/jj-trim/internal/jj/commands.go:66.47,68.3 1 0
github.com/hugoh/jj-trim/internal/jj/commands.go:70.2,70.12 1 5
github.com/hugoh/jj-trim/internal/jj/commands.go:79.71,80.25 1 5
github.com/hugoh/jj-trim/internal/jj/commands.go:80.25,82.3 1 1
github.com/hugoh/jj-trim/internal/jj/commands.go:84.2,86.47 2 4
github.com/hugoh/jj-trim/internal/jj/commands.go:86.47,88.3 1 0
github.com/hugoh/jj-trim/internal/jj/commands.go:90.2,90.12 1 4
github.com/hugoh/jj-trim/internal/jj/commands.go:97.80,100.16 2 0
github.com/hugoh/jj-trim/internal/jj/commands.go:100.16,102.3 1 0
github.com/hugoh/jj-trim/internal/jj/commands.go:104.2,104.17 1 0
github.com/hugoh/jj-trim/internal/jj/commands.go:109.52,110.54 1 2
github.com/hugoh/jj-trim/internal/jj/commands.go:110.54,112.3 1 2
github.com/hugoh/jj-trim/internal/jj/commands.go:114.2,114.12 1 0
github.com/hugoh/jj-trim/internal/jj/commands.go:120.62,131.16 2 1
github.com/hugoh/jj-trim/internal/jj/commands.go:131.16,133.3 1 0
github.com/hugoh/jj-trim/internal/jj/commands.go:135.2,135.36 1 1
github.com/hugoh/jj-trim/internal/jj/commands.go:145.73,147.16 2 0
github.com/hugoh/jj-trim/internal/jj/commands.go:147.16,149.3 1 0
github.com/hugoh/jj-trim/internal/jj/commands.go:151.2,151.17 1 0
github.com/hugoh/jj-trim/internal/jj/fake.go:53.33,55.2 1 125
github.com/hugoh/jj-trim/internal/jj/fake.go:58.71,62.32 3 60
github.com/hugoh/jj-trim/internal/jj/fake.go:62.32,64.3 1 1
github.com/hugoh/jj-trim/internal/jj/fake.go:66.2,66.37 1 59
github.com/hugoh/jj-trim/internal/jj/fake.go:66.37,68.3 1 59
github.com/hugoh/jj-trim/internal/jj/fake.go:70.2,70.60 1 0
github.com/hugoh/jj-trim/internal/jj/fake.go:74.77,78.32 3 52
github.com/hugoh/jj-trim/internal/jj/fake.go:78.32,80.3 1 0
github.com/hugoh/jj-trim/internal/jj/fake.go:82.2,82.37 1 52
github.com/hugoh/jj-trim/internal/jj/fake.go:82.37,83.51 1 52
github.com/hugoh/jj-trim/internal/jj/fake.go:83.51,85.4 1 0
github.com/hugoh/jj-trim/internal/jj/fake.go:87.3,87.13 1 52
github.com/hugoh/jj-trim/internal/jj/fake.go:90.2,90.56 1 0
github.com/hugoh/jj-trim/internal/jj/fake.go:95.42,100.2 3 112
github.com/hugoh/jj-trim/internal/jj/fake.go:105.53,109.53 3 111
github.com/hugoh/jj-trim/internal/jj/fake.go:109.53,111.22 2 4
github.com/hugoh/jj-trim/internal/jj/fake.go:111.22,113.4 1 1
github.com/hugoh/jj-trim/internal/jj/fake.go:115.3,115.24 1 4
github.com/hugoh/jj-trim/internal/jj/fake.go:115.24,117.4 1 2
github.com/hugoh/jj-trim/internal/jj/fake.go:119.3,121.24 2 4
github.com/hugoh/jj-trim/internal/jj/fake.go:124.2,126.16 2 107
github.com/hugoh/jj-trim/internal/jj/runner.go:34.78,37.50 2 0
github.com/hugoh/jj-trim/internal/jj/runner.go:37.50,39.3 1 0
github.com/hugoh/jj-trim/internal/jj/runner.go:41.2,41.29 1 0
github.com/hugoh/jj-trim/internal/jj/runner.go:46.84,48.2 1 0
github.com/hugoh/jj-trim/internal/jj/runner.go:52.85,60.34 5 0
github.com/hugoh/jj-trim/internal/jj/runner.go:60.34,62.3 1 0
github.com/hugoh/jj-trim/internal/jj/runner.go:64.2,64.12 1 0
github.com/hugoh/jj-trim/internal/jj/runner.go:68.60,69.24 1 0
github.com/hugoh/jj-trim/internal/jj/runner.go:69.24,71.3 1 0
github.com/hugoh/jj-trim/internal/jj/runner.go:73.2,73.54 1 0
